<?xml version="1.0" encoding="UTF-8"?>
<!-- Generated by org.testng.reporters.JUnitReportReporter -->
<testsuite hostname="USMUMDVINAYAK1" name="com.flutterbee.tinyowl.SearchLocationManuallyGPSEnabledTest" tests="1" failures="0" timestamp="29 Mar 2015 11:27:22 GMT" time="185.572" errors="0">
  <testcase name="EnterLocationManuallyGPSEnabledTestCase" time="185.572" classname="com.flutterbee.tinyowl.SearchLocationManuallyGPSEnabledTest"/>
</testsuite> <!-- com.flutterbee.tinyowl.SearchLocationManuallyGPSEnabledTest -->
