<?xml version="1.0" encoding="UTF-8" ?>
<testsuite tests="4" failures="2" name="TestSuite" time="467.201" errors="0" skipped="0">
  <properties>
    <property name="java.runtime.name" value="Java(TM) SE Runtime Environment"/>
    <property name="sun.boot.library.path" value="C:\Program Files (x86)\Java\jre1.8.0_25\bin"/>
    <property name="java.vm.version" value="25.25-b02"/>
    <property name="java.vm.vendor" value="Oracle Corporation"/>
    <property name="java.vendor.url" value="http://java.oracle.com/"/>
    <property name="path.separator" value=";"/>
    <property name="guice.disable.misplaced.annotation.check" value="true"/>
    <property name="java.vm.name" value="Java HotSpot(TM) Client VM"/>
    <property name="file.encoding.pkg" value="sun.io"/>
    <property name="user.script" value=""/>
    <property name="user.country" value="US"/>
    <property name="sun.java.launcher" value="SUN_STANDARD"/>
    <property name="sun.os.patch.level" value="Service Pack 1"/>
    <property name="java.vm.specification.name" value="Java Virtual Machine Specification"/>
    <property name="user.dir" value="C:\Android\TinyOwlWorkspace\tinyowl"/>
    <property name="java.runtime.version" value="1.8.0_25-b18"/>
    <property name="java.awt.graphicsenv" value="sun.awt.Win32GraphicsEnvironment"/>
    <property name="java.endorsed.dirs" value="C:\Program Files (x86)\Java\jre1.8.0_25\lib\endorsed"/>
    <property name="os.arch" value="x86"/>
    <property name="java.io.tmpdir" value="C:\Users\dvinayak\AppData\Local\Temp\"/>
    <property name="line.separator" value="
"/>
    <property name="java.vm.specification.vendor" value="Oracle Corporation"/>
    <property name="user.variant" value=""/>
    <property name="os.name" value="Windows 7"/>
    <property name="classworlds.conf" value="C:\Android\TinyOwlWorkspace\.metadata\.plugins\org.eclipse.m2e.launching\launches\m2conf615717322252463740.tmp"/>
    <property name="sun.jnu.encoding" value="Cp1252"/>
    <property name="java.library.path" value="C:\Program Files (x86)\Java\jre1.8.0_25\bin;C:\WINDOWS\Sun\Java\bin;C:\WINDOWS\system32;C:\WINDOWS;C:/Program Files (x86)/Java/jre1.8.0_25/bin/client;C:/Program Files (x86)/Java/jre1.8.0_25/bin;C:/Program Files (x86)/Java/jre1.8.0_25/lib/i386;C:\WINDOWS\system32;C:\WINDOWS;C:\WINDOWS\System32\Wbem;C:\ProgramData\Oracle\Java\javapath;C:\Program Files (x86)\Intel\iCLS Client\;C:\Program Files\Intel\iCLS Client\;C:\WINDOWS\System32\WindowsPowerShell\v1.0\;C:\Program Files (x86)\Common Files\Roxio Shared\10.0\DLLShared\;C:\Program Files (x86)\Common Files\Roxio Shared\DLLShared\;C:\Program Files (x86)\Common Files\Roxio Shared\DLLShared\;C:\Program Files (x86)\Common Files\Roxio Shared\10.0\DLLShared\;C:\Program Files\Intel\Intel(R) Management Engine Components\DAL;C:\Program Files\Intel\Intel(R) Management Engine Components\IPT;C:\Program Files (x86)\Intel\Intel(R) Management Engine Components\DAL;C:\Program Files (x86)\Intel\Intel(R) Management Engine Components\IPT;C:\Program Files (x86)\Intel\OpenCL SDK\2.0\bin\x86;C:\Program Files (x86)\Intel\OpenCL SDK\2.0\bin\x64;C:\Program Files\WIDCOMM\Bluetooth Software\;C:\Program Files\WIDCOMM\Bluetooth Software\syswow64;C:\Program Files (x86)\MySQL\MySQL Utilities 1.3.4\;C:\Program Files (x86)\QuickTime\QTSystem\;C:\Program Files\Java\jdk1.7.0_25\bin;C:\Program Files (x86)\Skype\Phone\;C:\Maven\apache-maven-3.2.5\bin;C:\Android\android-sdk\tools;C:\Android\android-sdk\platform-tools;C:\Users\dvinayak\Documents\Seattle\eclipse-SDK-4.3.1-win32\eclipse;;."/>
    <property name="java.specification.name" value="Java Platform API Specification"/>
    <property name="java.class.version" value="52.0"/>
    <property name="sun.management.compiler" value="HotSpot Client Compiler"/>
    <property name="os.version" value="6.1"/>
    <property name="user.home" value="C:\Users\dvinayak"/>
    <property name="user.timezone" value="Asia/Calcutta"/>
    <property name="java.awt.printerjob" value="sun.awt.windows.WPrinterJob"/>
    <property name="java.specification.version" value="1.8"/>
    <property name="file.encoding" value="Cp1252"/>
    <property name="user.name" value="dvinayak"/>
    <property name="java.class.path" value="/C:/Users/dvinayak/Documents/Seattle/eclipse-SDK-4.3.1-win32/eclipse/configuration/org.eclipse.osgi/bundles/258/1/.cp/jars/plexus-classworlds-2.4.jar"/>
    <property name="java.vm.specification.version" value="1.8"/>
    <property name="sun.arch.data.model" value="32"/>
    <property name="java.home" value="C:\Program Files (x86)\Java\jre1.8.0_25"/>
    <property name="sun.java.command" value="org.codehaus.plexus.classworlds.launcher.Launcher -B test"/>
    <property name="java.specification.vendor" value="Oracle Corporation"/>
    <property name="user.language" value="en"/>
    <property name="awt.toolkit" value="sun.awt.windows.WToolkit"/>
    <property name="java.vm.info" value="mixed mode"/>
    <property name="java.version" value="1.8.0_25"/>
    <property name="java.ext.dirs" value="C:\Program Files (x86)\Java\jre1.8.0_25\lib\ext;C:\WINDOWS\Sun\Java\lib\ext"/>
    <property name="sun.boot.class.path" value="C:\Program Files (x86)\Java\jre1.8.0_25\lib\resources.jar;C:\Program Files (x86)\Java\jre1.8.0_25\lib\rt.jar;C:\Program Files (x86)\Java\jre1.8.0_25\lib\jsse.jar;C:\Program Files (x86)\Java\jre1.8.0_25\lib\jce.jar;C:\Program Files (x86)\Java\jre1.8.0_25\lib\charsets.jar;C:\Program Files (x86)\Java\jre1.8.0_25\lib\jfr.jar;C:\Program Files (x86)\Java\jre1.8.0_25\lib\tools.jar"/>
    <property name="java.vendor" value="Oracle Corporation"/>
    <property name="maven.home" value="C:\Android\TinyOwlWorkspace\tinyowl\EMBEDDED"/>
    <property name="file.separator" value="\"/>
    <property name="java.vendor.url.bug" value="http://bugreport.sun.com/bugreport/"/>
    <property name="maven.bootclasspath" value="/C:/Users/dvinayak/Documents/Seattle/eclipse-SDK-4.3.1-win32/eclipse/configuration/org.eclipse.osgi/bundles/258/1/.cp/jars/plexus-classworlds-2.4.jar"/>
    <property name="sun.cpu.endian" value="little"/>
    <property name="sun.io.unicode.encoding" value="UnicodeLittle"/>
    <property name="sun.desktop" value="windows"/>
    <property name="sun.cpu.isalist" value="pentium_pro+mmx pentium_pro pentium+mmx pentium i486 i386 i86"/>
  </properties>
  <testcase classname="com.flutterbee.tinyowl.DefaultLocationGPSEnabledTest" name="DefaultLocationGPSEnabledTestCase" time="207.844"/>
  <testcase classname="com.flutterbee.tinyowl.CurrentLocationGPSDisabledTest" name="CurrentLocationGPSDisabledTestCase" time="31.871">
    <failure message="Restaurants list is not displayed" type="java.lang.AssertionError">java.lang.AssertionError: Restaurants list is not displayed
	at org.testng.Assert.fail(Assert.java:94)
	at com.flutterbee.tinyowl.CurrentLocationGPSDisabledTest.CurrentLocationGPSDisabledTestCase(CurrentLocationGPSDisabledTest.java:86)
</failure>
  </testcase>
  <testcase classname="com.flutterbee.tinyowl.SearchLocationManuallyGPSEnabledTest" name="EnterLocationManuallyGPSEnabledTestCase" time="185.571"/>
  <testcase classname="com.flutterbee.tinyowl.SearchLocationManuallyGPSDisabledTest" name="SearchLocationManuallyGPSDisabledTestCase" time="41.915">
    <failure message="Unable To Fetch Restaurants in Andheri East, Mumbai, Maharashtra, India" type="java.lang.AssertionError">java.lang.AssertionError: Unable To Fetch Restaurants in Andheri East, Mumbai, Maharashtra, India
	at org.testng.Assert.fail(Assert.java:94)
	at com.flutterbee.tinyowl.ManualLocationEntryPage.selectLocationManually(ManualLocationEntryPage.java:112)
	at com.flutterbee.tinyowl.SearchLocationManuallyGPSDisabledTest.SearchLocationManuallyGPSDisabledTestCase(SearchLocationManuallyGPSDisabledTest.java:62)
</failure>
  </testcase>
</testsuite>