<?xml version="1.0" encoding="UTF-8"?>
<!-- Generated by org.testng.reporters.JUnitReportReporter -->
<testsuite hostname="USMUMDVINAYAK1" name="com.flutterbee.tinyowl.CurrentLocationGPSDisabledTest" tests="1" failures="0" timestamp="29 Mar 2015 18:30:30 GMT" time="215.031" errors="0">
  <testcase name="currentLocationGPSDisabledTestCase" time="215.031" classname="com.flutterbee.tinyowl.CurrentLocationGPSDisabledTest"/>
</testsuite> <!-- com.flutterbee.tinyowl.CurrentLocationGPSDisabledTest -->
