<?xml version="1.0" encoding="UTF-8"?>
<!-- Generated by org.testng.reporters.JUnitReportReporter -->
<testsuite hostname="USMUMDVINAYAK1" name="com.flutterbee.tinyowl.CurrentLocationGPSEnabledTest" tests="1" failures="0" timestamp="29 Mar 2015 21:43:56 GMT" time="96.558" errors="0">
  <testcase name="currentLocationGPSEnabledTestCase" time="96.558" classname="com.flutterbee.tinyowl.CurrentLocationGPSEnabledTest"/>
</testsuite> <!-- com.flutterbee.tinyowl.CurrentLocationGPSEnabledTest -->
