<?xml version="1.0" encoding="UTF-8"?>
<!-- Generated by org.testng.reporters.JUnitReportReporter -->
<testsuite hostname="USMUMDVINAYAK1" name="com.flutterbee.tinyowl.SearchLocationManuallyGPSEnabledTest" tests="2" failures="0" timestamp="29 Mar 2015 21:43:56 GMT" time="201.188" errors="1">
  <testcase name="searchLocationManuallyGPSEnabledTestCase" time="165.196" classname="com.flutterbee.tinyowl.SearchLocationManuallyGPSEnabledTest"/>
  <testcase name="searchLocationManuallyGPSEnabledTestCase" time="35.992" classname="com.flutterbee.tinyowl.SearchLocationManuallyGPSEnabledTest">
    <error type="java.lang.AssertionError" message="Currently Not Active in Virar East, Virar, Maharashtra, India">
      <![CDATA[java.lang.AssertionError: Currently Not Active in Virar East, Virar, Maharashtra, India
	at org.testng.Assert.fail(Assert.java:94)
	at com.flutterbee.tinyowl.ManualLocationEntryPage.selectLocationManually(ManualLocationEntryPage.java:141)
	at com.flutterbee.tinyowl.SearchLocationManuallyGPSEnabledTest.searchLocationManuallyGPSEnabledTestCase(SearchLocationManuallyGPSEnabledTest.java:56)
	at sun.reflect.NativeMethodAccessorImpl.invoke0(Native Method)
	at sun.reflect.NativeMethodAccessorImpl.invoke(Unknown Source)
	at sun.reflect.DelegatingMethodAccessorImpl.invoke(Unknown Source)
	at java.lang.reflect.Method.invoke(Unknown Source)
	at org.testng.internal.MethodInvocationHelper.invokeMethod(MethodInvocationHelper.java:84)
	at org.testng.internal.Invoker.invokeMethod(Invoker.java:714)
	at org.testng.internal.Invoker.invokeTestMethod(Invoker.java:901)
	at org.testng.internal.Invoker.invokeTestMethods(Invoker.java:1231)
	at org.testng.internal.TestMethodWorker.invokeTestMethods(TestMethodWorker.java:127)
	at org.testng.internal.TestMethodWorker.run(TestMethodWorker.java:111)
	at org.testng.TestRunner.privateRun(TestRunner.java:767)
	at org.testng.TestRunner.run(TestRunner.java:617)
	at org.testng.SuiteRunner.runTest(SuiteRunner.java:334)
	at org.testng.SuiteRunner.runSequentially(SuiteRunner.java:329)
	at org.testng.SuiteRunner.privateRun(SuiteRunner.java:291)
	at org.testng.SuiteRunner.run(SuiteRunner.java:240)
	at org.testng.SuiteRunnerWorker.runSuite(SuiteRunnerWorker.java:52)
	at org.testng.SuiteRunnerWorker.run(SuiteRunnerWorker.java:86)
	at org.testng.TestNG.runSuitesSequentially(TestNG.java:1224)
	at org.testng.TestNG.runSuitesLocally(TestNG.java:1149)
	at org.testng.TestNG.run(TestNG.java:1057)
	at org.testng.remote.RemoteTestNG.run(RemoteTestNG.java:111)
	at org.testng.remote.RemoteTestNG.initAndRun(RemoteTestNG.java:204)
	at org.testng.remote.RemoteTestNG.main(RemoteTestNG.java:175)
]]>
    </error>
  </testcase> <!-- searchLocationManuallyGPSEnabledTestCase -->
</testsuite> <!-- com.flutterbee.tinyowl.SearchLocationManuallyGPSEnabledTest -->
