<?xml version="1.0" encoding="UTF-8"?>
<!-- Generated by org.testng.reporters.JUnitReportReporter -->
<testsuite hostname="USMUMDVINAYAK1" name="com.flutterbee.tinyowl.CurrentLocationGPSDisabledTest" tests="1" failures="0" timestamp="29 Mar 2015 21:43:56 GMT" time="89.701" errors="0">
  <testcase name="currentLocationGPSDisabledTestCase" time="89.701" classname="com.flutterbee.tinyowl.CurrentLocationGPSDisabledTest"/>
</testsuite> <!-- com.flutterbee.tinyowl.CurrentLocationGPSDisabledTest -->
