<?xml version="1.0" encoding="UTF-8"?>
<!-- Generated by org.testng.reporters.JUnitReportReporter -->
<testsuite hostname="USMUMDVINAYAK1" name="com.flutterbee.tinyowl.SearchLocationManuallyGPSDisabledTest" tests="1" failures="0" timestamp="29 Mar 2015 19:05:30 GMT" time="248.098" errors="0">
  <testcase name="searchLocationManuallyGPSDisabledTestCase" time="248.098" classname="com.flutterbee.tinyowl.SearchLocationManuallyGPSDisabledTest"/>
</testsuite> <!-- com.flutterbee.tinyowl.SearchLocationManuallyGPSDisabledTest -->
