<?xml version="1.0" encoding="UTF-8"?>
<!-- Generated by org.testng.reporters.JUnitReportReporter -->
<testsuite hostname="USMUMDVINAYAK1" name="com.flutterbee.tinyowl.DefaultLocationGPSEnabledTest" tests="1" failures="0" timestamp="29 Mar 2015 12:13:58 GMT" time="155.778" errors="0">
  <testcase name="DefaultLocationGPSEnabledTestCase" time="155.778" classname="com.flutterbee.tinyowl.DefaultLocationGPSEnabledTest"/>
</testsuite> <!-- com.flutterbee.tinyowl.DefaultLocationGPSEnabledTest -->
